<?xml version="1.0" encoding="UTF-8"?>
<testsuite xmlns:xsi="http://www.w3.org/2001/XMLSchema-instance" xsi:noNamespaceSchemaLocation="https://maven.apache.org/surefire/maven-surefire-plugin/xsd/surefire-test-report-3.0.xsd" version="3.0" name="test.java.GrilleImplTest" time="0.299" tests="22" errors="0" skipped="0" failures="0">
  <properties>
[...]
</properties>
  <testcase name="testGrilleNeufSetValue" classname="test.java.GrilleImplTest" time="0.001"/>
  <testcase name="testGrilleSetValueValeurDejaAjouteePresentSurColonne" classname="test.java.GrilleImplTest" time="0.013"/>
  <testcase name="testConstructeurNeuf" classname="test.java.GrilleImplTest" time="0"/>
  <testcase name="testGrilleSetValueXHorsBorne2" classname="test.java.GrilleImplTest" time="0.026"/>
  <testcase name="testGrilleNeufIncomplete" classname="test.java.GrilleImplTest" time="0"/>
  <testcase name="testConstructeurSeize" classname="test.java.GrilleImplTest" time="0"/>
  <testcase name="testGrilleNeufGetValue" classname="test.java.GrilleImplTest" time="0"/>
  <testcase name="testGrilleSetValueValeurDejaAjouteePresentSurLigne" classname="test.java.GrilleImplTest" time="0.009"/>
  <testcase name="testGrilleSeizeSetValue" classname="test.java.GrilleImplTest" time="0"/>
  <testcase name="testGrilleNeufGetValueHorsBornes" classname="test.java.GrilleImplTest" time="0.006"/>
  <testcase name="testGrilleSeizeGetValue" classname="test.java.GrilleImplTest" time="0"/>
  <testcase name="testGrilleNeufComplete" classname="test.java.GrilleImplTest" time="0"/>
  <testcase name="testGrilleSeizeGetValueHorsBornes" classname="test.java.GrilleImplTest" time="0.006"/>
  <testcase name="testGrilleSetValueYHorsBorne" classname="test.java.GrilleImplTest" time="0.011"/>
  <testcase name="testGrilleSetValueXHorsBorne" classname="test.java.GrilleImplTest" time="0.011"/>
  <testcase name="testGrilleSetValueYHorsBorne2" classname="test.java.GrilleImplTest" time="0.014"/>
  <testcase name="testGrilleSeizeIncomplete" classname="test.java.GrilleImplTest" time="0"/>
  <testcase name="testGrilleNeufSetValueCaractereNonAutorise" classname="test.java.GrilleImplTest" time="0.014"/>
  <testcase name="testGrilleSeizeSetValueCaractereNonAutorise" classname="test.java.GrilleImplTest" time="0.014"/>
  <testcase name="testGrilleSeizeComplete" classname="test.java.GrilleImplTest" time="0"/>
  <testcase name="testGrilleSetValueValeurDejaAjouteePresentSurBloc" classname="test.java.GrilleImplTest" time="0.015"/>
  <testcase name="testGrilleSetValueCaractereImpossible" classname="test.java.GrilleImplTest" time="0.011"/>
</testsuite>